<?xml version="1.0" encoding="UTF-8"?>
<testng-results skipped="0" failed="2" ignored="0" total="3" passed="1">
  <reporter-output>
  </reporter-output>
  <suite name="Default suite" duration-ms="38746" started-at="2020-02-07T11:41:10 IST" finished-at="2020-02-07T11:41:49 IST">
    <groups>
    </groups>
    <test name="Default test" duration-ms="38746" started-at="2020-02-07T11:41:10 IST" finished-at="2020-02-07T11:41:49 IST">
      <class name="com.auto.reportingscrenshot.Test2">
        <test-method status="PASS" signature="setExtent()[pri:0, instance:com.auto.reportingscrenshot.Test2@2781e022]" name="setExtent" is-config="true" duration-ms="361" started-at="2020-02-07T11:41:10 IST" finished-at="2020-02-07T11:41:10 IST">
          <reporter-output>
          </reporter-output>
        </test-method> <!-- setExtent -->
        <test-method status="PASS" signature="setUp()[pri:0, instance:com.auto.reportingscrenshot.Test2@2781e022]" name="setUp" is-config="true" duration-ms="12438" started-at="2020-02-07T11:41:10 IST" finished-at="2020-02-07T11:41:23 IST">
          <reporter-output>
          </reporter-output>
        </test-method> <!-- setUp -->
        <test-method status="FAIL" signature="noCommerceLoginTest()[pri:0, instance:com.auto.reportingscrenshot.Test2@2781e022]" name="noCommerceLoginTest" duration-ms="40" started-at="2020-02-07T11:41:23 IST" finished-at="2020-02-07T11:41:23 IST">
          <exception class="java.lang.AssertionError">
            <message>
              <![CDATA[did not expect to find [true] but found [false]]]>
            </message>
            <full-stacktrace>
              <![CDATA[java.lang.AssertionError: did not expect to find [true] but found [false]
at org.testng.Assert.fail(Assert.java:97)
at org.testng.Assert.failNotEquals(Assert.java:969)
at org.testng.Assert.assertTrue(Assert.java:43)
at org.testng.Assert.assertTrue(Assert.java:53)
at com.auto.reportingscrenshot.Test2.noCommerceLoginTest(Test2.java:110)
at sun.reflect.NativeMethodAccessorImpl.invoke0(Native Method)
at sun.reflect.NativeMethodAccessorImpl.invoke(Unknown Source)
at sun.reflect.DelegatingMethodAccessorImpl.invoke(Unknown Source)
at java.lang.reflect.Method.invoke(Unknown Source)
at org.testng.internal.MethodInvocationHelper.invokeMethod(MethodInvocationHelper.java:133)
at org.testng.internal.TestInvoker.invokeMethod(TestInvoker.java:584)
at org.testng.internal.TestInvoker.invokeTestMethod(TestInvoker.java:172)
at org.testng.internal.MethodRunner.runInSequence(MethodRunner.java:46)
at org.testng.internal.TestInvoker$MethodInvocationAgent.invoke(TestInvoker.java:804)
at org.testng.internal.TestInvoker.invokeTestMethods(TestInvoker.java:145)
at org.testng.internal.TestMethodWorker.invokeTestMethods(TestMethodWorker.java:146)
at org.testng.internal.TestMethodWorker.run(TestMethodWorker.java:128)
at java.util.ArrayList.forEach(Unknown Source)
at org.testng.TestRunner.privateRun(TestRunner.java:770)
at org.testng.TestRunner.run(TestRunner.java:591)
at org.testng.SuiteRunner.runTest(SuiteRunner.java:402)
at org.testng.SuiteRunner.runSequentially(SuiteRunner.java:396)
at org.testng.SuiteRunner.privateRun(SuiteRunner.java:355)
at org.testng.SuiteRunner.run(SuiteRunner.java:304)
at org.testng.SuiteRunnerWorker.runSuite(SuiteRunnerWorker.java:53)
at org.testng.SuiteRunnerWorker.run(SuiteRunnerWorker.java:96)
at org.testng.TestNG.runSuitesSequentially(TestNG.java:1180)
at org.testng.TestNG.runSuitesLocally(TestNG.java:1102)
at org.testng.TestNG.runSuites(TestNG.java:1032)
at org.testng.TestNG.run(TestNG.java:1000)
at org.testng.remote.AbstractRemoteTestNG.run(AbstractRemoteTestNG.java:115)
at org.testng.remote.RemoteTestNG.initAndRun(RemoteTestNG.java:251)
at org.testng.remote.RemoteTestNG.main(RemoteTestNG.java:77)
]]>
            </full-stacktrace>
          </exception> <!-- java.lang.AssertionError -->
          <reporter-output>
          </reporter-output>
        </test-method> <!-- noCommerceLoginTest -->
        <test-method status="PASS" signature="tearDown(org.testng.ITestResult)[pri:0, instance:com.auto.reportingscrenshot.Test2@2781e022]" name="tearDown" is-config="true" duration-ms="688" started-at="2020-02-07T11:41:23 IST" finished-at="2020-02-07T11:41:24 IST">
          <params>
            <param index="0">
              <value>
                <![CDATA[[TestResult name=noCommerceLoginTest status=FAILURE method=Test2.noCommerceLoginTest()[pri:0, instance:com.auto.reportingscrenshot.Test2@2781e022] output={null}]]]>
              </value>
            </param>
          </params>
          <reporter-output>
          </reporter-output>
        </test-method> <!-- tearDown -->
        <test-method status="PASS" signature="setUp()[pri:0, instance:com.auto.reportingscrenshot.Test2@2781e022]" name="setUp" is-config="true" duration-ms="9778" started-at="2020-02-07T11:41:24 IST" finished-at="2020-02-07T11:41:33 IST">
          <reporter-output>
          </reporter-output>
        </test-method> <!-- setUp -->
        <test-method status="PASS" signature="noCommerceLogoTest()[pri:0, instance:com.auto.reportingscrenshot.Test2@2781e022]" name="noCommerceLogoTest" duration-ms="167" started-at="2020-02-07T11:41:33 IST" finished-at="2020-02-07T11:41:34 IST">
          <reporter-output>
          </reporter-output>
        </test-method> <!-- noCommerceLogoTest -->
        <test-method status="PASS" signature="tearDown(org.testng.ITestResult)[pri:0, instance:com.auto.reportingscrenshot.Test2@2781e022]" name="tearDown" is-config="true" duration-ms="2" started-at="2020-02-07T11:41:34 IST" finished-at="2020-02-07T11:41:34 IST">
          <params>
            <param index="0">
              <value>
                <![CDATA[[TestResult name=noCommerceLogoTest status=SUCCESS method=Test2.noCommerceLogoTest()[pri:0, instance:com.auto.reportingscrenshot.Test2@2781e022] output={null}]]]>
              </value>
            </param>
          </params>
          <reporter-output>
          </reporter-output>
        </test-method> <!-- tearDown -->
        <test-method status="PASS" signature="setUp()[pri:0, instance:com.auto.reportingscrenshot.Test2@2781e022]" name="setUp" is-config="true" duration-ms="10522" started-at="2020-02-07T11:41:34 IST" finished-at="2020-02-07T11:41:44 IST">
          <reporter-output>
          </reporter-output>
        </test-method> <!-- setUp -->
        <test-method status="FAIL" signature="noCommerceTitleTest()[pri:0, instance:com.auto.reportingscrenshot.Test2@2781e022]" name="noCommerceTitleTest" duration-ms="60" started-at="2020-02-07T11:41:44 IST" finished-at="2020-02-07T11:41:44 IST">
          <exception class="java.lang.AssertionError">
            <message>
              <![CDATA[expected [noCommerce demo store] but found [nopCommerce demo store]]]>
            </message>
            <full-stacktrace>
              <![CDATA[java.lang.AssertionError: expected [noCommerce demo store] but found [nopCommerce demo store]
at org.testng.Assert.fail(Assert.java:97)
at org.testng.Assert.assertEqualsImpl(Assert.java:136)
at org.testng.Assert.assertEquals(Assert.java:118)
at org.testng.Assert.assertEquals(Assert.java:575)
at org.testng.Assert.assertEquals(Assert.java:585)
at com.auto.reportingscrenshot.Test2.noCommerceTitleTest(Test2.java:86)
at sun.reflect.NativeMethodAccessorImpl.invoke0(Native Method)
at sun.reflect.NativeMethodAccessorImpl.invoke(Unknown Source)
at sun.reflect.DelegatingMethodAccessorImpl.invoke(Unknown Source)
at java.lang.reflect.Method.invoke(Unknown Source)
at org.testng.internal.MethodInvocationHelper.invokeMethod(MethodInvocationHelper.java:133)
at org.testng.internal.TestInvoker.invokeMethod(TestInvoker.java:584)
at org.testng.internal.TestInvoker.invokeTestMethod(TestInvoker.java:172)
at org.testng.internal.MethodRunner.runInSequence(MethodRunner.java:46)
at org.testng.internal.TestInvoker$MethodInvocationAgent.invoke(TestInvoker.java:804)
at org.testng.internal.TestInvoker.invokeTestMethods(TestInvoker.java:145)
at org.testng.internal.TestMethodWorker.invokeTestMethods(TestMethodWorker.java:146)
at org.testng.internal.TestMethodWorker.run(TestMethodWorker.java:128)
at java.util.ArrayList.forEach(Unknown Source)
at org.testng.TestRunner.privateRun(TestRunner.java:770)
at org.testng.TestRunner.run(TestRunner.java:591)
at org.testng.SuiteRunner.runTest(SuiteRunner.java:402)
at org.testng.SuiteRunner.runSequentially(SuiteRunner.java:396)
at org.testng.SuiteRunner.privateRun(SuiteRunner.java:355)
at org.testng.SuiteRunner.run(SuiteRunner.java:304)
at org.testng.SuiteRunnerWorker.runSuite(SuiteRunnerWorker.java:53)
at org.testng.SuiteRunnerWorker.run(SuiteRunnerWorker.java:96)
at org.testng.TestNG.runSuitesSequentially(TestNG.java:1180)
at org.testng.TestNG.runSuitesLocally(TestNG.java:1102)
at org.testng.TestNG.runSuites(TestNG.java:1032)
at org.testng.TestNG.run(TestNG.java:1000)
at org.testng.remote.AbstractRemoteTestNG.run(AbstractRemoteTestNG.java:115)
at org.testng.remote.RemoteTestNG.initAndRun(RemoteTestNG.java:251)
at org.testng.remote.RemoteTestNG.main(RemoteTestNG.java:77)
]]>
            </full-stacktrace>
          </exception> <!-- java.lang.AssertionError -->
          <reporter-output>
          </reporter-output>
        </test-method> <!-- noCommerceTitleTest -->
        <test-method status="PASS" signature="tearDown(org.testng.ITestResult)[pri:0, instance:com.auto.reportingscrenshot.Test2@2781e022]" name="tearDown" is-config="true" duration-ms="1152" started-at="2020-02-07T11:41:44 IST" finished-at="2020-02-07T11:41:45 IST">
          <params>
            <param index="0">
              <value>
                <![CDATA[[TestResult name=noCommerceTitleTest status=FAILURE method=Test2.noCommerceTitleTest()[pri:0, instance:com.auto.reportingscrenshot.Test2@2781e022] output={null}]]]>
              </value>
            </param>
          </params>
          <reporter-output>
          </reporter-output>
        </test-method> <!-- tearDown -->
        <test-method status="PASS" signature="endReport()[pri:0, instance:com.auto.reportingscrenshot.Test2@2781e022]" name="endReport" is-config="true" duration-ms="3417" started-at="2020-02-07T11:41:45 IST" finished-at="2020-02-07T11:41:49 IST">
          <reporter-output>
          </reporter-output>
        </test-method> <!-- endReport -->
      </class> <!-- com.auto.reportingscrenshot.Test2 -->
    </test> <!-- Default test -->
  </suite> <!-- Default suite -->
</testng-results>
